2024-09-20 07:57:55 - 8
2024-09-20 07:57:55 - 0
2024-09-20 07:57:55 - 8
2024-09-20 07:57:55 - 8
2024-09-20 07:57:59 - could not find driver
2024-09-20 07:57:59 - #0 /home3/worchyld/beta.silentflute.co.uk/bootcamp/functions.inc.php(61): PDO->__construct('sqlite:blog.db', '', '', Array)
#1 /home3/worchyld/beta.silentflute.co.uk/bootcamp/functions.inc.php(139): connectToDB()
#2 /home3/worchyld/beta.silentflute.co.uk/bootcamp/process-blog.php(39): insertBlogEntry(Array)
#3 {main}
2024-09-20 07:57:59 - 8
2024-09-20 07:57:59 - 0
2024-09-20 07:57:59 - 8
2024-09-20 07:57:59 - 8
2024-09-20 08:07:19 - 8
2024-09-20 08:07:19 - 0
2024-09-20 08:07:19 - 8
2024-09-20 08:07:19 - 8
2024-09-20 08:07:28 - could not find driver
2024-09-20 08:07:28 - #0 /home3/worchyld/beta.silentflute.co.uk/bootcamp/functions.inc.php(61): PDO->__construct('sqlite:blog.db', '', '', Array)
#1 /home3/worchyld/beta.silentflute.co.uk/bootcamp/functions.inc.php(139): connectToDB()
#2 /home3/worchyld/beta.silentflute.co.uk/bootcamp/process-blog.php(39): insertBlogEntry(Array)
#3 {main}
2024-09-20 08:07:28 - 8
2024-09-20 08:07:28 - 0
2024-09-20 08:07:28 - 8
2024-09-20 08:07:28 - 8
2024-09-20 08:08:35 - 8
2024-09-20 08:08:35 - 0
2024-09-20 08:08:35 - 8
2024-09-20 08:08:35 - 8
2024-09-20 08:09:13 - 8
2024-09-20 08:09:13 - 0
2024-09-20 08:09:13 - 8
2024-09-20 08:09:13 - 8
2024-09-20 08:09:20 - could not find driver
2024-09-20 08:09:20 - #0 /home3/worchyld/beta.silentflute.co.uk/bootcamp/functions.inc.php(61): PDO->__construct('sqlite:blog.db', '', '', Array)
#1 /home3/worchyld/beta.silentflute.co.uk/bootcamp/functions.inc.php(139): connectToDB()
#2 /home3/worchyld/beta.silentflute.co.uk/bootcamp/process-blog.php(39): insertBlogEntry(Array)
#3 {main}
2024-09-20 08:09:20 - 8
2024-09-20 08:09:20 - 0
2024-09-20 08:09:20 - 8
2024-09-20 08:09:20 - 8
2024-09-20 08:13:36 - could not find driver
2024-09-20 08:13:36 - #0 /home3/worchyld/beta.silentflute.co.uk/bootcamp/functions.inc.php(61): PDO->__construct('sqlite:blog.db', '', '', Array)
#1 /home3/worchyld/beta.silentflute.co.uk/bootcamp/functions.inc.php(139): connectToDB()
#2 /home3/worchyld/beta.silentflute.co.uk/bootcamp/process-blog.php(39): insertBlogEntry(Array)
#3 {main}
2024-09-20 08:13:37 - 8
2024-09-20 08:13:37 - 0
2024-09-20 08:13:37 - 8
2024-09-20 08:13:37 - 8
2024-09-20 13:22:30 - 2
2024-09-20 13:22:30 - 2
2024-09-20 13:22:30 - 8192
2024-09-20 13:22:31 - 2
2024-09-20 13:22:31 - 2
2024-09-20 13:22:31 - 8192
2024-09-20 13:22:37 - 
Saved entry to database
2024-09-20 13:22:43 - 2
2024-09-20 13:22:43 - 2
2024-09-20 13:22:43 - 8192
2024-09-20 13:22:46 - 2
2024-09-20 13:22:46 - 2
2024-09-20 13:22:46 - 8192
2024-09-20 13:22:51 - 
Saved entry to database
2024-09-20 13:22:54 - 2
2024-09-20 13:22:54 - 2
2024-09-20 13:22:54 - 8192
2024-09-20 13:23:14 - 2
2024-09-20 13:23:14 - 8192
2024-09-20 13:24:02 - 2
2024-09-20 13:24:02 - 8192
2024-09-20 13:24:20 - 2
2024-09-20 13:24:20 - 8192
2024-09-20 13:24:30 - 2
2024-09-20 13:24:30 - 8192
2024-09-20 13:24:39 - 2
2024-09-20 13:24:39 - 8192
2024-09-20 13:24:47 - 2
2024-09-20 13:24:47 - 8192
2024-09-20 13:24:52 - 2
2024-09-20 13:24:52 - 8192
